  MyGLRender.cpp
C:\Users\LOU\source\repos\MyGLRender\MyGLRender\tgaimage.h(58,54): warning C4244: “=”: 从“float”转换到“unsigned char”，可能丢失数据
  (编译源文件“MyGLRender.cpp”)
  
C:\Users\LOU\source\repos\MyGLRender\MyGLRender\MyGLRender.cpp(70,44): warning C4244: “参数”: 从“T”转换到“T”，可能丢失数据
C:\Users\LOU\source\repos\MyGLRender\MyGLRender\MyGLRender.cpp(70,44): warning C4244:         with
C:\Users\LOU\source\repos\MyGLRender\MyGLRender\MyGLRender.cpp(70,44): warning C4244:         [
C:\Users\LOU\source\repos\MyGLRender\MyGLRender\MyGLRender.cpp(70,44): warning C4244:             T=int
C:\Users\LOU\source\repos\MyGLRender\MyGLRender\MyGLRender.cpp(70,44): warning C4244:         ]
C:\Users\LOU\source\repos\MyGLRender\MyGLRender\MyGLRender.cpp(70,44): warning C4244:         and
C:\Users\LOU\source\repos\MyGLRender\MyGLRender\MyGLRender.cpp(70,44): warning C4244:         [
C:\Users\LOU\source\repos\MyGLRender\MyGLRender\MyGLRender.cpp(70,44): warning C4244:             T=float
C:\Users\LOU\source\repos\MyGLRender\MyGLRender\MyGLRender.cpp(70,44): warning C4244:         ]
C:\Users\LOU\source\repos\MyGLRender\MyGLRender\MyGLRender.cpp(70,33): warning C4244: “参数”: 从“T”转换到“T”，可能丢失数据
C:\Users\LOU\source\repos\MyGLRender\MyGLRender\MyGLRender.cpp(70,33): warning C4244:         with
C:\Users\LOU\source\repos\MyGLRender\MyGLRender\MyGLRender.cpp(70,33): warning C4244:         [
C:\Users\LOU\source\repos\MyGLRender\MyGLRender\MyGLRender.cpp(70,33): warning C4244:             T=int
C:\Users\LOU\source\repos\MyGLRender\MyGLRender\MyGLRender.cpp(70,33): warning C4244:         ]
C:\Users\LOU\source\repos\MyGLRender\MyGLRender\MyGLRender.cpp(70,33): warning C4244:         and
C:\Users\LOU\source\repos\MyGLRender\MyGLRender\MyGLRender.cpp(70,33): warning C4244:         [
C:\Users\LOU\source\repos\MyGLRender\MyGLRender\MyGLRender.cpp(70,33): warning C4244:             T=float
C:\Users\LOU\source\repos\MyGLRender\MyGLRender\MyGLRender.cpp(70,33): warning C4244:         ]
C:\Users\LOU\source\repos\MyGLRender\MyGLRender\MyGLRender.cpp(70,22): warning C4244: “参数”: 从“T”转换到“T”，可能丢失数据
C:\Users\LOU\source\repos\MyGLRender\MyGLRender\MyGLRender.cpp(70,22): warning C4244:         with
C:\Users\LOU\source\repos\MyGLRender\MyGLRender\MyGLRender.cpp(70,22): warning C4244:         [
C:\Users\LOU\source\repos\MyGLRender\MyGLRender\MyGLRender.cpp(70,22): warning C4244:             T=int
C:\Users\LOU\source\repos\MyGLRender\MyGLRender\MyGLRender.cpp(70,22): warning C4244:         ]
C:\Users\LOU\source\repos\MyGLRender\MyGLRender\MyGLRender.cpp(70,22): warning C4244:         and
C:\Users\LOU\source\repos\MyGLRender\MyGLRender\MyGLRender.cpp(70,22): warning C4244:         [
C:\Users\LOU\source\repos\MyGLRender\MyGLRender\MyGLRender.cpp(70,22): warning C4244:             T=float
C:\Users\LOU\source\repos\MyGLRender\MyGLRender\MyGLRender.cpp(70,22): warning C4244:         ]
C:\Users\LOU\source\repos\MyGLRender\MyGLRender\MyGLRender.cpp(71,44): warning C4244: “参数”: 从“T”转换到“T”，可能丢失数据
C:\Users\LOU\source\repos\MyGLRender\MyGLRender\MyGLRender.cpp(71,44): warning C4244:         with
C:\Users\LOU\source\repos\MyGLRender\MyGLRender\MyGLRender.cpp(71,44): warning C4244:         [
C:\Users\LOU\source\repos\MyGLRender\MyGLRender\MyGLRender.cpp(71,44): warning C4244:             T=int
C:\Users\LOU\source\repos\MyGLRender\MyGLRender\MyGLRender.cpp(71,44): warning C4244:         ]
C:\Users\LOU\source\repos\MyGLRender\MyGLRender\MyGLRender.cpp(71,44): warning C4244:         and
C:\Users\LOU\source\repos\MyGLRender\MyGLRender\MyGLRender.cpp(71,44): warning C4244:         [
C:\Users\LOU\source\repos\MyGLRender\MyGLRender\MyGLRender.cpp(71,44): warning C4244:             T=float
C:\Users\LOU\source\repos\MyGLRender\MyGLRender\MyGLRender.cpp(71,44): warning C4244:         ]
C:\Users\LOU\source\repos\MyGLRender\MyGLRender\MyGLRender.cpp(71,33): warning C4244: “参数”: 从“T”转换到“T”，可能丢失数据
C:\Users\LOU\source\repos\MyGLRender\MyGLRender\MyGLRender.cpp(71,33): warning C4244:         with
C:\Users\LOU\source\repos\MyGLRender\MyGLRender\MyGLRender.cpp(71,33): warning C4244:         [
C:\Users\LOU\source\repos\MyGLRender\MyGLRender\MyGLRender.cpp(71,33): warning C4244:             T=int
C:\Users\LOU\source\repos\MyGLRender\MyGLRender\MyGLRender.cpp(71,33): warning C4244:         ]
C:\Users\LOU\source\repos\MyGLRender\MyGLRender\MyGLRender.cpp(71,33): warning C4244:         and
C:\Users\LOU\source\repos\MyGLRender\MyGLRender\MyGLRender.cpp(71,33): warning C4244:         [
C:\Users\LOU\source\repos\MyGLRender\MyGLRender\MyGLRender.cpp(71,33): warning C4244:             T=float
C:\Users\LOU\source\repos\MyGLRender\MyGLRender\MyGLRender.cpp(71,33): warning C4244:         ]
C:\Users\LOU\source\repos\MyGLRender\MyGLRender\MyGLRender.cpp(71,22): warning C4244: “参数”: 从“T”转换到“T”，可能丢失数据
C:\Users\LOU\source\repos\MyGLRender\MyGLRender\MyGLRender.cpp(71,22): warning C4244:         with
C:\Users\LOU\source\repos\MyGLRender\MyGLRender\MyGLRender.cpp(71,22): warning C4244:         [
C:\Users\LOU\source\repos\MyGLRender\MyGLRender\MyGLRender.cpp(71,22): warning C4244:             T=int
C:\Users\LOU\source\repos\MyGLRender\MyGLRender\MyGLRender.cpp(71,22): warning C4244:         ]
C:\Users\LOU\source\repos\MyGLRender\MyGLRender\MyGLRender.cpp(71,22): warning C4244:         and
C:\Users\LOU\source\repos\MyGLRender\MyGLRender\MyGLRender.cpp(71,22): warning C4244:         [
C:\Users\LOU\source\repos\MyGLRender\MyGLRender\MyGLRender.cpp(71,22): warning C4244:             T=float
C:\Users\LOU\source\repos\MyGLRender\MyGLRender\MyGLRender.cpp(71,22): warning C4244:         ]
C:\Users\LOU\source\repos\MyGLRender\MyGLRender\MyGLRender.cpp(89,57): warning C4244: “参数”: 从“int”转换到“T”，可能丢失数据
C:\Users\LOU\source\repos\MyGLRender\MyGLRender\MyGLRender.cpp(89,57): warning C4244:         with
C:\Users\LOU\source\repos\MyGLRender\MyGLRender\MyGLRender.cpp(89,57): warning C4244:         [
C:\Users\LOU\source\repos\MyGLRender\MyGLRender\MyGLRender.cpp(89,57): warning C4244:             T=float
C:\Users\LOU\source\repos\MyGLRender\MyGLRender\MyGLRender.cpp(89,57): warning C4244:         ]
C:\Users\LOU\source\repos\MyGLRender\MyGLRender\MyGLRender.cpp(89,33): warning C4244: “参数”: 从“int”转换到“T”，可能丢失数据
C:\Users\LOU\source\repos\MyGLRender\MyGLRender\MyGLRender.cpp(89,33): warning C4244:         with
C:\Users\LOU\source\repos\MyGLRender\MyGLRender\MyGLRender.cpp(89,33): warning C4244:         [
C:\Users\LOU\source\repos\MyGLRender\MyGLRender\MyGLRender.cpp(89,33): warning C4244:             T=float
C:\Users\LOU\source\repos\MyGLRender\MyGLRender\MyGLRender.cpp(89,33): warning C4244:         ]
C:\Users\LOU\source\repos\MyGLRender\MyGLRender\MyGLRender.cpp(111,67): warning C4244: “参数”: 从“T”转换到“T”，可能丢失数据
C:\Users\LOU\source\repos\MyGLRender\MyGLRender\MyGLRender.cpp(111,67): warning C4244:         with
C:\Users\LOU\source\repos\MyGLRender\MyGLRender\MyGLRender.cpp(111,67): warning C4244:         [
C:\Users\LOU\source\repos\MyGLRender\MyGLRender\MyGLRender.cpp(111,67): warning C4244:             T=float
C:\Users\LOU\source\repos\MyGLRender\MyGLRender\MyGLRender.cpp(111,67): warning C4244:         ]
C:\Users\LOU\source\repos\MyGLRender\MyGLRender\MyGLRender.cpp(111,67): warning C4244:         and
C:\Users\LOU\source\repos\MyGLRender\MyGLRender\MyGLRender.cpp(111,67): warning C4244:         [
C:\Users\LOU\source\repos\MyGLRender\MyGLRender\MyGLRender.cpp(111,67): warning C4244:             T=int
C:\Users\LOU\source\repos\MyGLRender\MyGLRender\MyGLRender.cpp(111,67): warning C4244:         ]
C:\Users\LOU\source\repos\MyGLRender\MyGLRender\MyGLRender.cpp(111,62): warning C4244: “参数”: 从“T”转换到“T”，可能丢失数据
C:\Users\LOU\source\repos\MyGLRender\MyGLRender\MyGLRender.cpp(111,62): warning C4244:         with
C:\Users\LOU\source\repos\MyGLRender\MyGLRender\MyGLRender.cpp(111,62): warning C4244:         [
C:\Users\LOU\source\repos\MyGLRender\MyGLRender\MyGLRender.cpp(111,62): warning C4244:             T=float
C:\Users\LOU\source\repos\MyGLRender\MyGLRender\MyGLRender.cpp(111,62): warning C4244:         ]
C:\Users\LOU\source\repos\MyGLRender\MyGLRender\MyGLRender.cpp(111,62): warning C4244:         and
C:\Users\LOU\source\repos\MyGLRender\MyGLRender\MyGLRender.cpp(111,62): warning C4244:         [
C:\Users\LOU\source\repos\MyGLRender\MyGLRender\MyGLRender.cpp(111,62): warning C4244:             T=int
C:\Users\LOU\source\repos\MyGLRender\MyGLRender\MyGLRender.cpp(111,62): warning C4244:         ]
C:\Users\LOU\source\repos\MyGLRender\MyGLRender\MyGLRender.cpp(142,69): warning C4244: “参数”: 从“T”转换到“T”，可能丢失数据
C:\Users\LOU\source\repos\MyGLRender\MyGLRender\MyGLRender.cpp(142,69): warning C4244:         with
C:\Users\LOU\source\repos\MyGLRender\MyGLRender\MyGLRender.cpp(142,69): warning C4244:         [
C:\Users\LOU\source\repos\MyGLRender\MyGLRender\MyGLRender.cpp(142,69): warning C4244:             T=float
C:\Users\LOU\source\repos\MyGLRender\MyGLRender\MyGLRender.cpp(142,69): warning C4244:         ]
C:\Users\LOU\source\repos\MyGLRender\MyGLRender\MyGLRender.cpp(142,69): warning C4244:         and
C:\Users\LOU\source\repos\MyGLRender\MyGLRender\MyGLRender.cpp(142,69): warning C4244:         [
C:\Users\LOU\source\repos\MyGLRender\MyGLRender\MyGLRender.cpp(142,69): warning C4244:             T=int
C:\Users\LOU\source\repos\MyGLRender\MyGLRender\MyGLRender.cpp(142,69): warning C4244:         ]
C:\Users\LOU\source\repos\MyGLRender\MyGLRender\MyGLRender.cpp(142,64): warning C4244: “参数”: 从“T”转换到“T”，可能丢失数据
C:\Users\LOU\source\repos\MyGLRender\MyGLRender\MyGLRender.cpp(142,64): warning C4244:         with
C:\Users\LOU\source\repos\MyGLRender\MyGLRender\MyGLRender.cpp(142,64): warning C4244:         [
C:\Users\LOU\source\repos\MyGLRender\MyGLRender\MyGLRender.cpp(142,64): warning C4244:             T=float
C:\Users\LOU\source\repos\MyGLRender\MyGLRender\MyGLRender.cpp(142,64): warning C4244:         ]
C:\Users\LOU\source\repos\MyGLRender\MyGLRender\MyGLRender.cpp(142,64): warning C4244:         and
C:\Users\LOU\source\repos\MyGLRender\MyGLRender\MyGLRender.cpp(142,64): warning C4244:         [
C:\Users\LOU\source\repos\MyGLRender\MyGLRender\MyGLRender.cpp(142,64): warning C4244:             T=int
C:\Users\LOU\source\repos\MyGLRender\MyGLRender\MyGLRender.cpp(142,64): warning C4244:         ]
C:\Users\LOU\source\repos\MyGLRender\MyGLRender\MyGLRender.cpp(147,25): warning C4244: “参数”: 从“T”转换到“int”，可能丢失数据
C:\Users\LOU\source\repos\MyGLRender\MyGLRender\MyGLRender.cpp(147,25): warning C4244:         with
C:\Users\LOU\source\repos\MyGLRender\MyGLRender\MyGLRender.cpp(147,25): warning C4244:         [
C:\Users\LOU\source\repos\MyGLRender\MyGLRender\MyGLRender.cpp(147,25): warning C4244:             T=float
C:\Users\LOU\source\repos\MyGLRender\MyGLRender\MyGLRender.cpp(147,25): warning C4244:         ]
C:\Users\LOU\source\repos\MyGLRender\MyGLRender\MyGLRender.cpp(147,20): warning C4244: “参数”: 从“T”转换到“int”，可能丢失数据
C:\Users\LOU\source\repos\MyGLRender\MyGLRender\MyGLRender.cpp(147,20): warning C4244:         with
C:\Users\LOU\source\repos\MyGLRender\MyGLRender\MyGLRender.cpp(147,20): warning C4244:         [
C:\Users\LOU\source\repos\MyGLRender\MyGLRender\MyGLRender.cpp(147,20): warning C4244:             T=float
C:\Users\LOU\source\repos\MyGLRender\MyGLRender\MyGLRender.cpp(147,20): warning C4244:         ]
C:\Users\LOU\source\repos\MyGLRender\MyGLRender\MyGLRender.cpp(189,62): warning C4244: “参数”: 从“double”转换到“T”，可能丢失数据
C:\Users\LOU\source\repos\MyGLRender\MyGLRender\MyGLRender.cpp(189,62): warning C4244:         with
C:\Users\LOU\source\repos\MyGLRender\MyGLRender\MyGLRender.cpp(189,62): warning C4244:         [
C:\Users\LOU\source\repos\MyGLRender\MyGLRender\MyGLRender.cpp(189,62): warning C4244:             T=int
C:\Users\LOU\source\repos\MyGLRender\MyGLRender\MyGLRender.cpp(189,62): warning C4244:         ]
C:\Users\LOU\source\repos\MyGLRender\MyGLRender\MyGLRender.cpp(189,36): warning C4244: “参数”: 从“double”转换到“T”，可能丢失数据
C:\Users\LOU\source\repos\MyGLRender\MyGLRender\MyGLRender.cpp(189,36): warning C4244:         with
C:\Users\LOU\source\repos\MyGLRender\MyGLRender\MyGLRender.cpp(189,36): warning C4244:         [
C:\Users\LOU\source\repos\MyGLRender\MyGLRender\MyGLRender.cpp(189,36): warning C4244:             T=int
C:\Users\LOU\source\repos\MyGLRender\MyGLRender\MyGLRender.cpp(189,36): warning C4244:         ]
  MyGLRender.vcxproj -> C:\Users\LOU\source\repos\MyGLRender\MyGLRender\x64\Debug\MyGLRender.exe
